<?xml version="1.0" encoding="UTF-8"?>
<robot generator="Robot 6.1.1 (Python 3.12.0 on win32)" generated="20231204 21:07:24.872" rpa="false" schemaversion="4">
<suite id="s1" name="Login" source="C:\Users\yuyun\OneDrive\Documents\Github\Sanber51-MobileAutomation-Kelompok-10\Fly App Automation\suites\login.robot">
<test id="s1-t1" name="Login Valid Credential" line="13">
<kw name="Open Flight Application" library="base">
<kw name="Open Application" library="AppiumLibrary">
<arg>remote_url=${REMOTE_URL}</arg>
<arg>platformName=${PLATFORM_NAME}</arg>
<arg>platformVersion=${PLATFORM_VERSION}</arg>
<arg>deviceName=${DEVICE_NAME}</arg>
<arg>appPackage=${APP_PACKAGE}</arg>
<arg>appActivity=${APP_ACTIVITY}</arg>
<doc>Opens a new application to given Appium server.
Capabilities of appium server, Android and iOS,
Please check https://github.com/appium/appium/blob/master/docs/en/writing-running-appium/server-args.md
| *Option*            | *Man.* | *Description*     |
| remote_url          | Yes    | Appium server url |
| alias               | no     | alias             |
| strict_ssl          | No     | allows you to send commands to an invalid certificate host like a self-signed one. |</doc>
<status status="PASS" starttime="20231204 21:07:25.115" endtime="20231204 21:08:07.195"/>
</kw>
<status status="PASS" starttime="20231204 21:07:25.114" endtime="20231204 21:08:07.200"/>
</kw>
<kw name="Click Sign In Button On Home Page" library="homePage">
<kw name="Wait Until Page Contains Element" library="AppiumLibrary">
<arg>${login-button}</arg>
<doc>Waits until element specified with `locator` appears on current page.</doc>
<msg timestamp="20231204 21:08:08.424" level="INFO">xpath criteria: //android.widget.Button[@resource-id="com.example.myapplication:id/login"]</msg>
<status status="PASS" starttime="20231204 21:08:07.219" endtime="20231204 21:08:08.424"/>
</kw>
<kw name="Click Element" library="AppiumLibrary">
<arg>${login-button}</arg>
<doc>Click element identified by `locator`.</doc>
<msg timestamp="20231204 21:08:08.427" level="INFO">Clicking element '//android.widget.Button[@resource-id="com.example.myapplication:id/login"]'.</msg>
<msg timestamp="20231204 21:08:08.589" level="INFO">xpath criteria: //android.widget.Button[@resource-id="com.example.myapplication:id/login"]</msg>
<status status="PASS" starttime="20231204 21:08:08.425" endtime="20231204 21:08:08.589"/>
</kw>
<status status="PASS" starttime="20231204 21:08:07.211" endtime="20231204 21:08:08.589"/>
</kw>
<kw name="Input Username On Login Page" library="loginPage">
<arg>${VALID_USERNAME}</arg>
<kw name="Wait Until Element Is Visible" library="AppiumLibrary">
<arg>${username-input}</arg>
<doc>Waits until element specified with `locator` is visible.</doc>
<msg timestamp="20231204 21:08:09.695" level="INFO">xpath criteria: //*[@resource-id="com.example.myapplication:id/username"]
xpath criteria: //*[@resource-id="com.example.myapplication:id/username"]</msg>
<status status="PASS" starttime="20231204 21:08:08.598" endtime="20231204 21:08:09.695"/>
</kw>
<kw name="Input Text" library="AppiumLibrary">
<arg>${username-input}</arg>
<arg>${username}</arg>
<doc>Types the given `text` into text field identified by `locator`.</doc>
<msg timestamp="20231204 21:08:09.698" level="INFO">Typing text 'support@ngendigital.com' into text field '//*[@resource-id="com.example.myapplication:id/username"]'</msg>
<msg timestamp="20231204 21:08:09.828" level="INFO">xpath criteria: //*[@resource-id="com.example.myapplication:id/username"]</msg>
<status status="PASS" starttime="20231204 21:08:09.697" endtime="20231204 21:08:09.828"/>
</kw>
<status status="PASS" starttime="20231204 21:08:08.598" endtime="20231204 21:08:09.828"/>
</kw>
<kw name="Input Password On Login Page" library="loginPage">
<arg>${VALID_PASSWORD}</arg>
<kw name="Wait Until Element Is Visible" library="AppiumLibrary">
<arg>${password-input}</arg>
<doc>Waits until element specified with `locator` is visible.</doc>
<msg timestamp="20231204 21:08:10.377" level="INFO">xpath criteria: //*[@resource-id="com.example.myapplication:id/password"]</msg>
<status status="PASS" starttime="20231204 21:08:09.830" endtime="20231204 21:08:10.377"/>
</kw>
<kw name="Input Text" library="AppiumLibrary">
<arg>${password-input}</arg>
<arg>${password}</arg>
<doc>Types the given `text` into text field identified by `locator`.</doc>
<msg timestamp="20231204 21:08:10.380" level="INFO">Typing text 'abc123' into text field '//*[@resource-id="com.example.myapplication:id/password"]'</msg>
<msg timestamp="20231204 21:08:10.458" level="INFO">xpath criteria: //*[@resource-id="com.example.myapplication:id/password"]</msg>
<status status="PASS" starttime="20231204 21:08:10.378" endtime="20231204 21:08:10.458"/>
</kw>
<status status="PASS" starttime="20231204 21:08:09.829" endtime="20231204 21:08:10.458"/>
</kw>
<kw name="Click Sign In Button On Login Page" library="loginPage">
<kw name="Click Element" library="AppiumLibrary">
<arg>${sign-in-button}</arg>
<doc>Click element identified by `locator`.</doc>
<msg timestamp="20231204 21:08:10.461" level="INFO">Clicking element '//android.widget.Button[@resource-id="com.example.myapplication:id/signIn"]'.</msg>
<msg timestamp="20231204 21:08:11.041" level="INFO">xpath criteria: //android.widget.Button[@resource-id="com.example.myapplication:id/signIn"]</msg>
<status status="PASS" starttime="20231204 21:08:10.459" endtime="20231204 21:08:11.042"/>
</kw>
<status status="PASS" starttime="20231204 21:08:10.459" endtime="20231204 21:08:11.042"/>
</kw>
<kw name="Close Flight Application" library="base">
<kw name="Close Application" library="AppiumLibrary">
<doc>Closes the current application and also close webdriver session.</doc>
<status status="PASS" starttime="20231204 21:08:11.044" endtime="20231204 21:08:12.401"/>
</kw>
<status status="PASS" starttime="20231204 21:08:11.044" endtime="20231204 21:08:12.401"/>
</kw>
<status status="PASS" starttime="20231204 21:07:25.114" endtime="20231204 21:08:12.404"/>
</test>
<test id="s1-t2" name="Login InValid Credential" line="21">
<kw name="Open Flight Application" library="base">
<kw name="Open Application" library="AppiumLibrary">
<arg>remote_url=${REMOTE_URL}</arg>
<arg>platformName=${PLATFORM_NAME}</arg>
<arg>platformVersion=${PLATFORM_VERSION}</arg>
<arg>deviceName=${DEVICE_NAME}</arg>
<arg>appPackage=${APP_PACKAGE}</arg>
<arg>appActivity=${APP_ACTIVITY}</arg>
<doc>Opens a new application to given Appium server.
Capabilities of appium server, Android and iOS,
Please check https://github.com/appium/appium/blob/master/docs/en/writing-running-appium/server-args.md
| *Option*            | *Man.* | *Description*     |
| remote_url          | Yes    | Appium server url |
| alias               | no     | alias             |
| strict_ssl          | No     | allows you to send commands to an invalid certificate host like a self-signed one. |</doc>
<status status="PASS" starttime="20231204 21:08:12.408" endtime="20231204 21:08:20.741"/>
</kw>
<status status="PASS" starttime="20231204 21:08:12.407" endtime="20231204 21:08:20.741"/>
</kw>
<kw name="Click Sign In Button On Home Page" library="homePage">
<kw name="Wait Until Page Contains Element" library="AppiumLibrary">
<arg>${login-button}</arg>
<doc>Waits until element specified with `locator` appears on current page.</doc>
<msg timestamp="20231204 21:08:21.788" level="INFO">xpath criteria: //android.widget.Button[@resource-id="com.example.myapplication:id/login"]</msg>
<status status="PASS" starttime="20231204 21:08:20.750" endtime="20231204 21:08:21.788"/>
</kw>
<kw name="Click Element" library="AppiumLibrary">
<arg>${login-button}</arg>
<doc>Click element identified by `locator`.</doc>
<msg timestamp="20231204 21:08:21.790" level="INFO">Clicking element '//android.widget.Button[@resource-id="com.example.myapplication:id/login"]'.</msg>
<msg timestamp="20231204 21:08:22.001" level="INFO">xpath criteria: //android.widget.Button[@resource-id="com.example.myapplication:id/login"]</msg>
<status status="PASS" starttime="20231204 21:08:21.788" endtime="20231204 21:08:22.001"/>
</kw>
<status status="PASS" starttime="20231204 21:08:20.750" endtime="20231204 21:08:22.005"/>
</kw>
<kw name="Input Username On Login Page" library="loginPage">
<arg>${INVALID_USERNAME}</arg>
<kw name="Wait Until Element Is Visible" library="AppiumLibrary">
<arg>${username-input}</arg>
<doc>Waits until element specified with `locator` is visible.</doc>
<msg timestamp="20231204 21:08:23.030" level="INFO">xpath criteria: //*[@resource-id="com.example.myapplication:id/username"]</msg>
<status status="PASS" starttime="20231204 21:08:22.055" endtime="20231204 21:08:23.030"/>
</kw>
<kw name="Input Text" library="AppiumLibrary">
<arg>${username-input}</arg>
<arg>${username}</arg>
<doc>Types the given `text` into text field identified by `locator`.</doc>
<msg timestamp="20231204 21:08:23.032" level="INFO">Typing text 'invalid' into text field '//*[@resource-id="com.example.myapplication:id/username"]'</msg>
<msg timestamp="20231204 21:08:23.145" level="INFO">xpath criteria: //*[@resource-id="com.example.myapplication:id/username"]</msg>
<status status="PASS" starttime="20231204 21:08:23.030" endtime="20231204 21:08:23.146"/>
</kw>
<status status="PASS" starttime="20231204 21:08:22.053" endtime="20231204 21:08:23.146"/>
</kw>
<kw name="Input Password On Login Page" library="loginPage">
<arg>${INVALID_PASSWORD}</arg>
<kw name="Wait Until Element Is Visible" library="AppiumLibrary">
<arg>${password-input}</arg>
<doc>Waits until element specified with `locator` is visible.</doc>
<msg timestamp="20231204 21:08:23.653" level="INFO">xpath criteria: //*[@resource-id="com.example.myapplication:id/password"]</msg>
<status status="PASS" starttime="20231204 21:08:23.146" endtime="20231204 21:08:23.653"/>
</kw>
<kw name="Input Text" library="AppiumLibrary">
<arg>${password-input}</arg>
<arg>${password}</arg>
<doc>Types the given `text` into text field identified by `locator`.</doc>
<msg timestamp="20231204 21:08:23.654" level="INFO">Typing text 'invalid' into text field '//*[@resource-id="com.example.myapplication:id/password"]'</msg>
<msg timestamp="20231204 21:08:23.760" level="INFO">xpath criteria: //*[@resource-id="com.example.myapplication:id/password"]</msg>
<status status="PASS" starttime="20231204 21:08:23.653" endtime="20231204 21:08:23.760"/>
</kw>
<status status="PASS" starttime="20231204 21:08:23.146" endtime="20231204 21:08:23.761"/>
</kw>
<kw name="Click Sign In Button On Login Page" library="loginPage">
<kw name="Click Element" library="AppiumLibrary">
<arg>${sign-in-button}</arg>
<doc>Click element identified by `locator`.</doc>
<msg timestamp="20231204 21:08:23.763" level="INFO">Clicking element '//android.widget.Button[@resource-id="com.example.myapplication:id/signIn"]'.</msg>
<msg timestamp="20231204 21:08:24.349" level="INFO">xpath criteria: //android.widget.Button[@resource-id="com.example.myapplication:id/signIn"]</msg>
<status status="PASS" starttime="20231204 21:08:23.761" endtime="20231204 21:08:24.349"/>
</kw>
<status status="PASS" starttime="20231204 21:08:23.761" endtime="20231204 21:08:24.349"/>
</kw>
<kw name="Close Flight Application" library="base">
<kw name="Close Application" library="AppiumLibrary">
<doc>Closes the current application and also close webdriver session.</doc>
<status status="PASS" starttime="20231204 21:08:24.351" endtime="20231204 21:08:25.216"/>
</kw>
<status status="PASS" starttime="20231204 21:08:24.349" endtime="20231204 21:08:25.216"/>
</kw>
<status status="PASS" starttime="20231204 21:08:12.406" endtime="20231204 21:08:25.223"/>
</test>
<status status="PASS" starttime="20231204 21:07:24.874" endtime="20231204 21:08:25.235"/>
</suite>
<statistics>
<total>
<stat pass="2" fail="0" skip="0">All Tests</stat>
</total>
<tag>
</tag>
<suite>
<stat pass="2" fail="0" skip="0" id="s1" name="Login">Login</stat>
</suite>
</statistics>
<errors>
</errors>
</robot>
