<?xml version="1.0" encoding="UTF-8"?>
<robot generator="Robot 6.1.1 (Python 3.12.0 on win32)" generated="20231206 00:32:32.559" rpa="false" schemaversion="4">
<suite id="s1" name="Search" source="C:\Users\yuyun\OneDrive\Documents\Github\mobileautomationTemp\Sanber51-MobileAutomation-Kelompok-10\Fly App Automation\suites\search.robot">
<test id="s1-t1" name="Search Valid Credential" line="15">
<kw name="Open Flight Application" library="base">
<kw name="Open Application" library="AppiumLibrary">
<arg>remote_url=${REMOTE_URL}</arg>
<arg>platformName=${PLATFORM_NAME}</arg>
<arg>platformVersion=${PLATFORM_VERSION}</arg>
<arg>deviceName=${DEVICE_NAME}</arg>
<arg>appPackage=${APP_PACKAGE}</arg>
<arg>appActivity=${APP_ACTIVITY}</arg>
<doc>Opens a new application to given Appium server.
Capabilities of appium server, Android and iOS,
Please check https://github.com/appium/appium/blob/master/docs/en/writing-running-appium/server-args.md
| *Option*            | *Man.* | *Description*     |
| remote_url          | Yes    | Appium server url |
| alias               | no     | alias             |
| strict_ssl          | No     | allows you to send commands to an invalid certificate host like a self-signed one. |</doc>
<status status="PASS" starttime="20231206 00:32:32.833" endtime="20231206 00:32:45.825"/>
</kw>
<status status="PASS" starttime="20231206 00:32:32.833" endtime="20231206 00:32:45.825"/>
</kw>
<kw name="Click Sign In Button On Home Page" library="homePage">
<kw name="Click Element" library="AppiumLibrary">
<arg>${login-button}</arg>
<doc>Click element identified by `locator`.</doc>
<msg timestamp="20231206 00:32:45.841" level="INFO">Clicking element '//*[@resource-id="com.example.myapplication:id/login"]'.</msg>
<msg timestamp="20231206 00:32:46.666" level="INFO">xpath criteria: //*[@resource-id="com.example.myapplication:id/login"]</msg>
<status status="PASS" starttime="20231206 00:32:45.837" endtime="20231206 00:32:46.666"/>
</kw>
<status status="PASS" starttime="20231206 00:32:45.837" endtime="20231206 00:32:46.666"/>
</kw>
<kw name="Input Username On Login Page For Search Page" library="searchPage">
<arg>${VALID_USERNAME}</arg>
<kw name="Wait Until Element Is Visible" library="AppiumLibrary">
<arg>${username-input}</arg>
<doc>Waits until element specified with `locator` is visible.</doc>
<msg timestamp="20231206 00:32:47.651" level="INFO">xpath criteria: //*[@resource-id="com.example.myapplication:id/username"]
xpath criteria: //*[@resource-id="com.example.myapplication:id/username"]</msg>
<status status="PASS" starttime="20231206 00:32:46.666" endtime="20231206 00:32:47.651"/>
</kw>
<kw name="Input Text" library="AppiumLibrary">
<arg>${username-input}</arg>
<arg>${username}</arg>
<doc>Types the given `text` into text field identified by `locator`.</doc>
<msg timestamp="20231206 00:32:47.653" level="INFO">Typing text 'support@ngendigital.com' into text field '//*[@resource-id="com.example.myapplication:id/username"]'</msg>
<msg timestamp="20231206 00:32:47.757" level="INFO">xpath criteria: //*[@resource-id="com.example.myapplication:id/username"]</msg>
<status status="PASS" starttime="20231206 00:32:47.651" endtime="20231206 00:32:47.757"/>
</kw>
<status status="PASS" starttime="20231206 00:32:46.666" endtime="20231206 00:32:47.759"/>
</kw>
<kw name="Input Password On Login Page For Search Page" library="searchPage">
<arg>${VALID_PASSWORD}</arg>
<kw name="Wait Until Element Is Visible" library="AppiumLibrary">
<arg>${password-input}</arg>
<doc>Waits until element specified with `locator` is visible.</doc>
<msg timestamp="20231206 00:32:48.312" level="INFO">xpath criteria: //*[@resource-id="com.example.myapplication:id/password"]</msg>
<status status="PASS" starttime="20231206 00:32:47.769" endtime="20231206 00:32:48.312"/>
</kw>
<kw name="Input Text" library="AppiumLibrary">
<arg>${password-input}</arg>
<arg>${password}</arg>
<doc>Types the given `text` into text field identified by `locator`.</doc>
<msg timestamp="20231206 00:32:48.314" level="INFO">Typing text 'abc123' into text field '//*[@resource-id="com.example.myapplication:id/password"]'</msg>
<msg timestamp="20231206 00:32:48.387" level="INFO">xpath criteria: //*[@resource-id="com.example.myapplication:id/password"]</msg>
<status status="PASS" starttime="20231206 00:32:48.312" endtime="20231206 00:32:48.387"/>
</kw>
<status status="PASS" starttime="20231206 00:32:47.768" endtime="20231206 00:32:48.387"/>
</kw>
<kw name="Click Sign In Button On Login Page For Search Page" library="searchPage">
<kw name="Click Element" library="AppiumLibrary">
<arg>${sign-in-button}</arg>
<doc>Click element identified by `locator`.</doc>
<msg timestamp="20231206 00:32:48.390" level="INFO">Clicking element '//android.widget.Button[@resource-id="com.example.myapplication:id/signIn"]'.</msg>
<msg timestamp="20231206 00:32:48.989" level="INFO">xpath criteria: //android.widget.Button[@resource-id="com.example.myapplication:id/signIn"]</msg>
<status status="PASS" starttime="20231206 00:32:48.388" endtime="20231206 00:32:48.989"/>
</kw>
<status status="PASS" starttime="20231206 00:32:48.388" endtime="20231206 00:32:48.989"/>
</kw>
<kw name="Click Menu Search" library="searchPage">
<kw name="Wait Until Element Is Visible" library="AppiumLibrary">
<arg>${menu-search}</arg>
<doc>Waits until element specified with `locator` is visible.</doc>
<msg timestamp="20231206 00:32:49.668" level="INFO">xpath criteria: //android.widget.Button[@resource-id="com.example.myapplication:id/search_flight"]</msg>
<status status="PASS" starttime="20231206 00:32:48.991" endtime="20231206 00:32:49.669"/>
</kw>
<kw name="Click Element" library="AppiumLibrary">
<arg>${menu-search}</arg>
<doc>Click element identified by `locator`.</doc>
<msg timestamp="20231206 00:32:49.670" level="INFO">Clicking element '//android.widget.Button[@resource-id="com.example.myapplication:id/search_flight"]'.</msg>
<msg timestamp="20231206 00:32:49.755" level="INFO">xpath criteria: //android.widget.Button[@resource-id="com.example.myapplication:id/search_flight"]</msg>
<status status="PASS" starttime="20231206 00:32:49.669" endtime="20231206 00:32:49.756"/>
</kw>
<status status="PASS" starttime="20231206 00:32:48.989" endtime="20231206 00:32:49.756"/>
</kw>
<kw name="Input Search On Search Page" library="searchPage">
<arg>${VALID_SEARCH}</arg>
<kw name="Wait Until Element Is Visible" library="AppiumLibrary">
<arg>${search-input}</arg>
<doc>Waits until element specified with `locator` is visible.</doc>
<msg timestamp="20231206 00:32:50.851" level="INFO">xpath criteria: //android.widget.EditText[@resource-id="com.example.myapplication:id/flight_number"]
xpath criteria: //android.widget.EditText[@resource-id="com.example.myapplication:id/flight_number"]</msg>
<status status="PASS" starttime="20231206 00:32:49.756" endtime="20231206 00:32:50.851"/>
</kw>
<kw name="Input Text" library="AppiumLibrary">
<arg>${search-input}</arg>
<arg>${flight_number}</arg>
<doc>Types the given `text` into text field identified by `locator`.</doc>
<msg timestamp="20231206 00:32:50.852" level="INFO">Typing text 'DA935' into text field '//android.widget.EditText[@resource-id="com.example.myapplication:id/flight_number"]'</msg>
<msg timestamp="20231206 00:32:50.946" level="INFO">xpath criteria: //android.widget.EditText[@resource-id="com.example.myapplication:id/flight_number"]</msg>
<status status="PASS" starttime="20231206 00:32:50.851" endtime="20231206 00:32:50.946"/>
</kw>
<status status="PASS" starttime="20231206 00:32:49.756" endtime="20231206 00:32:50.946"/>
</kw>
<kw name="Click Button Search On Search Page" library="searchPage">
<kw name="Click Element" library="AppiumLibrary">
<arg>${search-button}</arg>
<doc>Click element identified by `locator`.</doc>
<msg timestamp="20231206 00:32:50.948" level="INFO">Clicking element '//android.widget.Button[@resource-id="com.example.myapplication:id/searchFlight"]'.</msg>
<msg timestamp="20231206 00:32:51.545" level="INFO">xpath criteria: //android.widget.Button[@resource-id="com.example.myapplication:id/searchFlight"]</msg>
<status status="PASS" starttime="20231206 00:32:50.946" endtime="20231206 00:32:51.545"/>
</kw>
<status status="PASS" starttime="20231206 00:32:50.946" endtime="20231206 00:32:51.545"/>
</kw>
<kw name="Close Flight Application" library="base">
<kw name="Close Application" library="AppiumLibrary">
<doc>Closes the current application and also close webdriver session.</doc>
<status status="PASS" starttime="20231206 00:32:51.548" endtime="20231206 00:32:52.657"/>
</kw>
<status status="PASS" starttime="20231206 00:32:51.548" endtime="20231206 00:32:52.657"/>
</kw>
<status status="PASS" starttime="20231206 00:32:32.832" endtime="20231206 00:32:52.659"/>
</test>
<test id="s1-t2" name="Search InValid Credential" line="26">
<kw name="Open Flight Application" library="base">
<kw name="Open Application" library="AppiumLibrary">
<arg>remote_url=${REMOTE_URL}</arg>
<arg>platformName=${PLATFORM_NAME}</arg>
<arg>platformVersion=${PLATFORM_VERSION}</arg>
<arg>deviceName=${DEVICE_NAME}</arg>
<arg>appPackage=${APP_PACKAGE}</arg>
<arg>appActivity=${APP_ACTIVITY}</arg>
<doc>Opens a new application to given Appium server.
Capabilities of appium server, Android and iOS,
Please check https://github.com/appium/appium/blob/master/docs/en/writing-running-appium/server-args.md
| *Option*            | *Man.* | *Description*     |
| remote_url          | Yes    | Appium server url |
| alias               | no     | alias             |
| strict_ssl          | No     | allows you to send commands to an invalid certificate host like a self-signed one. |</doc>
<status status="PASS" starttime="20231206 00:32:52.660" endtime="20231206 00:33:00.432"/>
</kw>
<status status="PASS" starttime="20231206 00:32:52.660" endtime="20231206 00:33:00.432"/>
</kw>
<kw name="Click Sign In Button On Home Page" library="homePage">
<kw name="Click Element" library="AppiumLibrary">
<arg>${login-button}</arg>
<doc>Click element identified by `locator`.</doc>
<msg timestamp="20231206 00:33:00.437" level="INFO">Clicking element '//*[@resource-id="com.example.myapplication:id/login"]'.</msg>
<msg timestamp="20231206 00:33:01.805" level="INFO">xpath criteria: //*[@resource-id="com.example.myapplication:id/login"]</msg>
<status status="PASS" starttime="20231206 00:33:00.435" endtime="20231206 00:33:01.805"/>
</kw>
<status status="PASS" starttime="20231206 00:33:00.435" endtime="20231206 00:33:01.805"/>
</kw>
<kw name="Input Username On Login Page For Search Page" library="searchPage">
<arg>${VALID_USERNAME}</arg>
<kw name="Wait Until Element Is Visible" library="AppiumLibrary">
<arg>${username-input}</arg>
<doc>Waits until element specified with `locator` is visible.</doc>
<msg timestamp="20231206 00:33:02.535" level="INFO">xpath criteria: //*[@resource-id="com.example.myapplication:id/username"]</msg>
<status status="PASS" starttime="20231206 00:33:01.806" endtime="20231206 00:33:02.535"/>
</kw>
<kw name="Input Text" library="AppiumLibrary">
<arg>${username-input}</arg>
<arg>${username}</arg>
<doc>Types the given `text` into text field identified by `locator`.</doc>
<msg timestamp="20231206 00:33:02.536" level="INFO">Typing text 'support@ngendigital.com' into text field '//*[@resource-id="com.example.myapplication:id/username"]'</msg>
<msg timestamp="20231206 00:33:02.600" level="INFO">xpath criteria: //*[@resource-id="com.example.myapplication:id/username"]</msg>
<status status="PASS" starttime="20231206 00:33:02.535" endtime="20231206 00:33:02.600"/>
</kw>
<status status="PASS" starttime="20231206 00:33:01.805" endtime="20231206 00:33:02.601"/>
</kw>
<kw name="Input Password On Login Page For Search Page" library="searchPage">
<arg>${VALID_PASSWORD}</arg>
<kw name="Wait Until Element Is Visible" library="AppiumLibrary">
<arg>${password-input}</arg>
<doc>Waits until element specified with `locator` is visible.</doc>
<msg timestamp="20231206 00:33:03.105" level="INFO">xpath criteria: //*[@resource-id="com.example.myapplication:id/password"]</msg>
<status status="PASS" starttime="20231206 00:33:02.601" endtime="20231206 00:33:03.105"/>
</kw>
<kw name="Input Text" library="AppiumLibrary">
<arg>${password-input}</arg>
<arg>${password}</arg>
<doc>Types the given `text` into text field identified by `locator`.</doc>
<msg timestamp="20231206 00:33:03.106" level="INFO">Typing text 'abc123' into text field '//*[@resource-id="com.example.myapplication:id/password"]'</msg>
<msg timestamp="20231206 00:33:03.167" level="INFO">xpath criteria: //*[@resource-id="com.example.myapplication:id/password"]</msg>
<status status="PASS" starttime="20231206 00:33:03.105" endtime="20231206 00:33:03.167"/>
</kw>
<status status="PASS" starttime="20231206 00:33:02.601" endtime="20231206 00:33:03.167"/>
</kw>
<kw name="Click Sign In Button On Login Page For Search Page" library="searchPage">
<kw name="Click Element" library="AppiumLibrary">
<arg>${sign-in-button}</arg>
<doc>Click element identified by `locator`.</doc>
<msg timestamp="20231206 00:33:03.168" level="INFO">Clicking element '//android.widget.Button[@resource-id="com.example.myapplication:id/signIn"]'.</msg>
<msg timestamp="20231206 00:33:03.733" level="INFO">xpath criteria: //android.widget.Button[@resource-id="com.example.myapplication:id/signIn"]</msg>
<status status="PASS" starttime="20231206 00:33:03.167" endtime="20231206 00:33:03.733"/>
</kw>
<status status="PASS" starttime="20231206 00:33:03.167" endtime="20231206 00:33:03.733"/>
</kw>
<kw name="Click Menu Search" library="searchPage">
<kw name="Wait Until Element Is Visible" library="AppiumLibrary">
<arg>${menu-search}</arg>
<doc>Waits until element specified with `locator` is visible.</doc>
<msg timestamp="20231206 00:33:04.430" level="INFO">xpath criteria: //android.widget.Button[@resource-id="com.example.myapplication:id/search_flight"]
xpath criteria: //android.widget.Button[@resource-id="com.example.myapplication:id/search_flight"]</msg>
<status status="PASS" starttime="20231206 00:33:03.735" endtime="20231206 00:33:04.430"/>
</kw>
<kw name="Click Element" library="AppiumLibrary">
<arg>${menu-search}</arg>
<doc>Click element identified by `locator`.</doc>
<msg timestamp="20231206 00:33:04.431" level="INFO">Clicking element '//android.widget.Button[@resource-id="com.example.myapplication:id/search_flight"]'.</msg>
<msg timestamp="20231206 00:33:04.506" level="INFO">xpath criteria: //android.widget.Button[@resource-id="com.example.myapplication:id/search_flight"]</msg>
<status status="PASS" starttime="20231206 00:33:04.430" endtime="20231206 00:33:04.506"/>
</kw>
<status status="PASS" starttime="20231206 00:33:03.734" endtime="20231206 00:33:04.506"/>
</kw>
<kw name="Input Search On Search Page" library="searchPage">
<arg>${INVALID_SEARCH}</arg>
<kw name="Wait Until Element Is Visible" library="AppiumLibrary">
<arg>${search-input}</arg>
<doc>Waits until element specified with `locator` is visible.</doc>
<msg timestamp="20231206 00:33:05.492" level="INFO">xpath criteria: //android.widget.EditText[@resource-id="com.example.myapplication:id/flight_number"]</msg>
<status status="PASS" starttime="20231206 00:33:04.507" endtime="20231206 00:33:05.492"/>
</kw>
<kw name="Input Text" library="AppiumLibrary">
<arg>${search-input}</arg>
<arg>${flight_number}</arg>
<doc>Types the given `text` into text field identified by `locator`.</doc>
<msg timestamp="20231206 00:33:05.495" level="INFO">Typing text 'invalid' into text field '//android.widget.EditText[@resource-id="com.example.myapplication:id/flight_number"]'</msg>
<msg timestamp="20231206 00:33:05.565" level="INFO">xpath criteria: //android.widget.EditText[@resource-id="com.example.myapplication:id/flight_number"]</msg>
<status status="PASS" starttime="20231206 00:33:05.492" endtime="20231206 00:33:05.565"/>
</kw>
<status status="PASS" starttime="20231206 00:33:04.507" endtime="20231206 00:33:05.565"/>
</kw>
<kw name="Click Button Search On Search Page" library="searchPage">
<kw name="Click Element" library="AppiumLibrary">
<arg>${search-button}</arg>
<doc>Click element identified by `locator`.</doc>
<msg timestamp="20231206 00:33:05.571" level="INFO">Clicking element '//android.widget.Button[@resource-id="com.example.myapplication:id/searchFlight"]'.</msg>
<msg timestamp="20231206 00:33:06.140" level="INFO">xpath criteria: //android.widget.Button[@resource-id="com.example.myapplication:id/searchFlight"]</msg>
<status status="PASS" starttime="20231206 00:33:05.569" endtime="20231206 00:33:06.140"/>
</kw>
<status status="PASS" starttime="20231206 00:33:05.568" endtime="20231206 00:33:06.140"/>
</kw>
<kw name="Close Flight Application" library="base">
<kw name="Close Application" library="AppiumLibrary">
<doc>Closes the current application and also close webdriver session.</doc>
<status status="PASS" starttime="20231206 00:33:06.142" endtime="20231206 00:33:06.868"/>
</kw>
<status status="PASS" starttime="20231206 00:33:06.141" endtime="20231206 00:33:06.868"/>
</kw>
<status status="PASS" starttime="20231206 00:32:52.659" endtime="20231206 00:33:06.868"/>
</test>
<status status="PASS" starttime="20231206 00:32:32.561" endtime="20231206 00:33:06.870"/>
</suite>
<statistics>
<total>
<stat pass="2" fail="0" skip="0">All Tests</stat>
</total>
<tag>
</tag>
<suite>
<stat pass="2" fail="0" skip="0" id="s1" name="Search">Search</stat>
</suite>
</statistics>
<errors>
</errors>
</robot>
