<?xml version="1.0" encoding="UTF-8"?>
<robot generator="Robot 6.1.1 (Python 3.12.0 on win32)" generated="20231203 21:41:16.576" rpa="false" schemaversion="4">
<suite id="s1" name="Login" source="C:\Users\yuyun\OneDrive\Documents\Github\Sanber51-MobileAutomation-Kelompok-10\Fly App Automation\suites\login.robot">
<test id="s1-t1" name="Login Valid Credential" line="13">
<kw name="Open Flight Application" library="base">
<kw name="Open Application" library="AppiumLibrary">
<arg>remote_url=${REMOTE_URL}</arg>
<arg>platformName=${PLATFORM_NAME}</arg>
<arg>platformVersion=${PLATFORM_VERSION}</arg>
<arg>deviceName=${DEVICE_NAME}</arg>
<arg>appPackage=${APP_PACKAGE}</arg>
<arg>appActivity=${APP_ACTIVITY}</arg>
<doc>Opens a new application to given Appium server.
Capabilities of appium server, Android and iOS,
Please check https://github.com/appium/appium/blob/master/docs/en/writing-running-appium/server-args.md
| *Option*            | *Man.* | *Description*     |
| remote_url          | Yes    | Appium server url |
| alias               | no     | alias             |
| strict_ssl          | No     | allows you to send commands to an invalid certificate host like a self-signed one. |</doc>
<status status="PASS" starttime="20231203 21:41:16.816" endtime="20231203 21:41:26.145"/>
</kw>
<status status="PASS" starttime="20231203 21:41:16.816" endtime="20231203 21:41:26.145"/>
</kw>
<kw name="Click Sign In Button On Home Page" library="homePage">
<kw name="Wait Until Page Contains Element" library="AppiumLibrary">
<arg>${login-button}</arg>
<doc>Waits until element specified with `locator` appears on current page.</doc>
<msg timestamp="20231203 21:41:27.489" level="INFO">xpath criteria: //android.widget.Button[@resource-id="com.example.myapplication:id/login"]</msg>
<status status="PASS" starttime="20231203 21:41:26.149" endtime="20231203 21:41:27.489"/>
</kw>
<kw name="Click Element" library="AppiumLibrary">
<arg>${login-button}</arg>
<doc>Click element identified by `locator`.</doc>
<msg timestamp="20231203 21:41:27.491" level="INFO">Clicking element '//android.widget.Button[@resource-id="com.example.myapplication:id/login"]'.</msg>
<msg timestamp="20231203 21:41:27.797" level="INFO">xpath criteria: //android.widget.Button[@resource-id="com.example.myapplication:id/login"]</msg>
<status status="PASS" starttime="20231203 21:41:27.489" endtime="20231203 21:41:27.798"/>
</kw>
<status status="PASS" starttime="20231203 21:41:26.148" endtime="20231203 21:41:27.798"/>
</kw>
<kw name="Input Username On Login Page" library="loginPage">
<arg>${VALID_USERNAME}</arg>
<kw name="Wait Until Element Is Visible" library="AppiumLibrary">
<arg>${username-input}</arg>
<doc>Waits until element specified with `locator` is visible.</doc>
<msg timestamp="20231203 21:41:28.856" level="INFO">xpath criteria: //*[@resource-id="com.example.myapplication:id/username"]</msg>
<status status="PASS" starttime="20231203 21:41:27.910" endtime="20231203 21:41:28.856"/>
</kw>
<kw name="Input Text" library="AppiumLibrary">
<arg>${username-input}</arg>
<arg>${username}</arg>
<doc>Types the given `text` into text field identified by `locator`.</doc>
<msg timestamp="20231203 21:41:28.859" level="INFO">Typing text 'support@ngendigital.com' into text field '//*[@resource-id="com.example.myapplication:id/username"]'</msg>
<msg timestamp="20231203 21:41:29.345" level="INFO">xpath criteria: //*[@resource-id="com.example.myapplication:id/username"]</msg>
<status status="PASS" starttime="20231203 21:41:28.856" endtime="20231203 21:41:29.345"/>
</kw>
<status status="PASS" starttime="20231203 21:41:27.905" endtime="20231203 21:41:29.345"/>
</kw>
<kw name="Input Password On Login Page" library="loginPage">
<arg>${VALID_PASSWORD}</arg>
<kw name="Wait Until Element Is Visible" library="AppiumLibrary">
<arg>${password-input}</arg>
<doc>Waits until element specified with `locator` is visible.</doc>
<msg timestamp="20231203 21:41:29.844" level="INFO">xpath criteria: //*[@resource-id="com.example.myapplication:id/password"]</msg>
<status status="PASS" starttime="20231203 21:41:29.349" endtime="20231203 21:41:29.844"/>
</kw>
<kw name="Input Text" library="AppiumLibrary">
<arg>${password-input}</arg>
<arg>${password}</arg>
<doc>Types the given `text` into text field identified by `locator`.</doc>
<msg timestamp="20231203 21:41:29.846" level="INFO">Typing text 'abc123' into text field '//*[@resource-id="com.example.myapplication:id/password"]'</msg>
<msg timestamp="20231203 21:41:29.948" level="INFO">xpath criteria: //*[@resource-id="com.example.myapplication:id/password"]</msg>
<status status="PASS" starttime="20231203 21:41:29.844" endtime="20231203 21:41:29.948"/>
</kw>
<status status="PASS" starttime="20231203 21:41:29.349" endtime="20231203 21:41:29.948"/>
</kw>
<kw name="Click Sign In Button On Login Page" library="loginPage">
<kw name="Click Element" library="AppiumLibrary">
<arg>${sign-in-button}</arg>
<doc>Click element identified by `locator`.</doc>
<msg timestamp="20231203 21:41:29.949" level="INFO">Clicking element '//android.widget.Button[@resource-id="com.example.myapplication:id/signIn"]'.</msg>
<msg timestamp="20231203 21:41:30.587" level="INFO">xpath criteria: //android.widget.Button[@resource-id="com.example.myapplication:id/signIn"]</msg>
<status status="PASS" starttime="20231203 21:41:29.948" endtime="20231203 21:41:30.587"/>
</kw>
<status status="PASS" starttime="20231203 21:41:29.948" endtime="20231203 21:41:30.587"/>
</kw>
<kw name="Close Flight Application" library="base">
<kw name="Close Application" library="AppiumLibrary">
<doc>Closes the current application and also close webdriver session.</doc>
<status status="PASS" starttime="20231203 21:41:30.596" endtime="20231203 21:41:32.442"/>
</kw>
<status status="PASS" starttime="20231203 21:41:30.596" endtime="20231203 21:41:32.442"/>
</kw>
<status status="PASS" starttime="20231203 21:41:16.816" endtime="20231203 21:41:32.443"/>
</test>
<test id="s1-t2" name="Login InValid Credential" line="21">
<kw name="Open Flight Application" library="base">
<kw name="Open Application" library="AppiumLibrary">
<arg>remote_url=${REMOTE_URL}</arg>
<arg>platformName=${PLATFORM_NAME}</arg>
<arg>platformVersion=${PLATFORM_VERSION}</arg>
<arg>deviceName=${DEVICE_NAME}</arg>
<arg>appPackage=${APP_PACKAGE}</arg>
<arg>appActivity=${APP_ACTIVITY}</arg>
<doc>Opens a new application to given Appium server.
Capabilities of appium server, Android and iOS,
Please check https://github.com/appium/appium/blob/master/docs/en/writing-running-appium/server-args.md
| *Option*            | *Man.* | *Description*     |
| remote_url          | Yes    | Appium server url |
| alias               | no     | alias             |
| strict_ssl          | No     | allows you to send commands to an invalid certificate host like a self-signed one. |</doc>
<status status="PASS" starttime="20231203 21:41:32.464" endtime="20231203 21:41:41.526"/>
</kw>
<status status="PASS" starttime="20231203 21:41:32.463" endtime="20231203 21:41:41.526"/>
</kw>
<kw name="Click Sign In Button On Home Page" library="homePage">
<kw name="Wait Until Page Contains Element" library="AppiumLibrary">
<arg>${login-button}</arg>
<doc>Waits until element specified with `locator` appears on current page.</doc>
<msg timestamp="20231203 21:41:42.356" level="INFO">xpath criteria: //android.widget.Button[@resource-id="com.example.myapplication:id/login"]</msg>
<status status="PASS" starttime="20231203 21:41:41.560" endtime="20231203 21:41:42.356"/>
</kw>
<kw name="Click Element" library="AppiumLibrary">
<arg>${login-button}</arg>
<doc>Click element identified by `locator`.</doc>
<msg timestamp="20231203 21:41:42.357" level="INFO">Clicking element '//android.widget.Button[@resource-id="com.example.myapplication:id/login"]'.</msg>
<msg timestamp="20231203 21:41:42.494" level="INFO">xpath criteria: //android.widget.Button[@resource-id="com.example.myapplication:id/login"]</msg>
<status status="PASS" starttime="20231203 21:41:42.356" endtime="20231203 21:41:42.494"/>
</kw>
<status status="PASS" starttime="20231203 21:41:41.560" endtime="20231203 21:41:42.494"/>
</kw>
<kw name="Input Username On Login Page" library="loginPage">
<arg>${INVALID_USERNAME}</arg>
<kw name="Wait Until Element Is Visible" library="AppiumLibrary">
<arg>${username-input}</arg>
<doc>Waits until element specified with `locator` is visible.</doc>
<msg timestamp="20231203 21:41:43.576" level="INFO">xpath criteria: //*[@resource-id="com.example.myapplication:id/username"]</msg>
<status status="PASS" starttime="20231203 21:41:42.504" endtime="20231203 21:41:43.576"/>
</kw>
<kw name="Input Text" library="AppiumLibrary">
<arg>${username-input}</arg>
<arg>${username}</arg>
<doc>Types the given `text` into text field identified by `locator`.</doc>
<msg timestamp="20231203 21:41:43.578" level="INFO">Typing text 'invalid' into text field '//*[@resource-id="com.example.myapplication:id/username"]'</msg>
<msg timestamp="20231203 21:41:43.674" level="INFO">xpath criteria: //*[@resource-id="com.example.myapplication:id/username"]</msg>
<status status="PASS" starttime="20231203 21:41:43.576" endtime="20231203 21:41:43.674"/>
</kw>
<status status="PASS" starttime="20231203 21:41:42.503" endtime="20231203 21:41:43.674"/>
</kw>
<kw name="Input Password On Login Page" library="loginPage">
<arg>${INVALID_PASSWORD}</arg>
<kw name="Wait Until Element Is Visible" library="AppiumLibrary">
<arg>${password-input}</arg>
<doc>Waits until element specified with `locator` is visible.</doc>
<msg timestamp="20231203 21:41:44.235" level="INFO">xpath criteria: //*[@resource-id="com.example.myapplication:id/password"]</msg>
<status status="PASS" starttime="20231203 21:41:43.675" endtime="20231203 21:41:44.235"/>
</kw>
<kw name="Input Text" library="AppiumLibrary">
<arg>${password-input}</arg>
<arg>${password}</arg>
<doc>Types the given `text` into text field identified by `locator`.</doc>
<msg timestamp="20231203 21:41:44.237" level="INFO">Typing text 'invalid' into text field '//*[@resource-id="com.example.myapplication:id/password"]'</msg>
<msg timestamp="20231203 21:41:44.525" level="INFO">xpath criteria: //*[@resource-id="com.example.myapplication:id/password"]</msg>
<status status="PASS" starttime="20231203 21:41:44.235" endtime="20231203 21:41:44.525"/>
</kw>
<status status="PASS" starttime="20231203 21:41:43.674" endtime="20231203 21:41:44.525"/>
</kw>
<kw name="Click Sign In Button On Login Page" library="loginPage">
<kw name="Click Element" library="AppiumLibrary">
<arg>${sign-in-button}</arg>
<doc>Click element identified by `locator`.</doc>
<msg timestamp="20231203 21:41:44.662" level="INFO">Clicking element '//android.widget.Button[@resource-id="com.example.myapplication:id/signIn"]'.</msg>
<msg timestamp="20231203 21:41:45.237" level="INFO">xpath criteria: //android.widget.Button[@resource-id="com.example.myapplication:id/signIn"]</msg>
<status status="PASS" starttime="20231203 21:41:44.660" endtime="20231203 21:41:45.238"/>
</kw>
<status status="PASS" starttime="20231203 21:41:44.659" endtime="20231203 21:41:45.239"/>
</kw>
<kw name="Close Flight Application" library="base">
<kw name="Close Application" library="AppiumLibrary">
<doc>Closes the current application and also close webdriver session.</doc>
<status status="PASS" starttime="20231203 21:41:45.411" endtime="20231203 21:41:46.895"/>
</kw>
<status status="PASS" starttime="20231203 21:41:45.411" endtime="20231203 21:41:46.895"/>
</kw>
<status status="PASS" starttime="20231203 21:41:32.463" endtime="20231203 21:41:46.898"/>
</test>
<status status="PASS" starttime="20231203 21:41:16.577" endtime="20231203 21:41:46.900"/>
</suite>
<statistics>
<total>
<stat pass="2" fail="0" skip="0">All Tests</stat>
</total>
<tag>
</tag>
<suite>
<stat pass="2" fail="0" skip="0" id="s1" name="Login">Login</stat>
</suite>
</statistics>
<errors>
</errors>
</robot>
